c:\users\sline\documents\ucsc\cmpm 123\assignment3\tictactoe_negamax\tictactoe_negamax\build\tictactoe.dir\debug\vc143.pdb
c:\users\sline\documents\ucsc\cmpm 123\assignment3\tictactoe_negamax\tictactoe_negamax\build\tictactoe.dir\debug\imgui_impl_win32.obj
c:\users\sline\documents\ucsc\cmpm 123\assignment3\tictactoe_negamax\tictactoe_negamax\build\tictactoe.dir\debug\main_win32.obj
c:\users\sline\documents\ucsc\cmpm 123\assignment3\tictactoe_negamax\tictactoe_negamax\build\tictactoe.dir\debug\tictactoe.obj
c:\users\sline\documents\ucsc\cmpm 123\assignment3\tictactoe_negamax\tictactoe_negamax\build\tictactoe.dir\debug\square.obj
c:\users\sline\documents\ucsc\cmpm 123\assignment3\tictactoe_negamax\tictactoe_negamax\build\tictactoe.dir\debug\sprite.obj
c:\users\sline\documents\ucsc\cmpm 123\assignment3\tictactoe_negamax\tictactoe_negamax\build\tictactoe.dir\debug\game.obj
c:\users\sline\documents\ucsc\cmpm 123\assignment3\tictactoe_negamax\tictactoe_negamax\build\tictactoe.dir\debug\bitholder.obj
c:\users\sline\documents\ucsc\cmpm 123\assignment3\tictactoe_negamax\tictactoe_negamax\build\tictactoe.dir\debug\bit.obj
c:\users\sline\documents\ucsc\cmpm 123\assignment3\tictactoe_negamax\tictactoe_negamax\build\tictactoe.dir\debug\imgui_impl_opengl3.obj
c:\users\sline\documents\ucsc\cmpm 123\assignment3\tictactoe_negamax\tictactoe_negamax\build\tictactoe.dir\debug\imgui.obj
c:\users\sline\documents\ucsc\cmpm 123\assignment3\tictactoe_negamax\tictactoe_negamax\build\tictactoe.dir\debug\imgui_widgets.obj
c:\users\sline\documents\ucsc\cmpm 123\assignment3\tictactoe_negamax\tictactoe_negamax\build\tictactoe.dir\debug\imgui_tables.obj
c:\users\sline\documents\ucsc\cmpm 123\assignment3\tictactoe_negamax\tictactoe_negamax\build\tictactoe.dir\debug\imgui_draw.obj
c:\users\sline\documents\ucsc\cmpm 123\assignment3\tictactoe_negamax\tictactoe_negamax\build\tictactoe.dir\debug\imgui_demo.obj
c:\users\sline\documents\ucsc\cmpm 123\assignment3\tictactoe_negamax\tictactoe_negamax\build\tictactoe.dir\debug\application.obj
c:\users\sline\documents\ucsc\cmpm 123\assignment3\tictactoe_negamax\tictactoe_negamax\build\cmakefiles\generate.stamp
c:\users\sline\documents\ucsc\cmpm 123\assignment3\tictactoe_negamax\tictactoe_negamax\build\tictactoe.dir\debug\tictactoe.ilk
c:\users\sline\documents\ucsc\cmpm 123\assignment3\tictactoe_negamax\tictactoe_negamax\build\debug\tictactoe.pdb
c:\users\sline\documents\ucsc\cmpm 123\assignment3\tictactoe_negamax\tictactoe_negamax\build\debug\tictactoe.exe
c:\users\sline\documents\ucsc\cmpm 123\assignment3\tictactoe_negamax\tictactoe_negamax\build\tictactoe.dir\debug\tictactoe.tlog\cl.command.1.tlog
c:\users\sline\documents\ucsc\cmpm 123\assignment3\tictactoe_negamax\tictactoe_negamax\build\tictactoe.dir\debug\tictactoe.tlog\cl.items.tlog
c:\users\sline\documents\ucsc\cmpm 123\assignment3\tictactoe_negamax\tictactoe_negamax\build\tictactoe.dir\debug\tictactoe.tlog\cl.read.1.tlog
c:\users\sline\documents\ucsc\cmpm 123\assignment3\tictactoe_negamax\tictactoe_negamax\build\tictactoe.dir\debug\tictactoe.tlog\cl.write.1.tlog
c:\users\sline\documents\ucsc\cmpm 123\assignment3\tictactoe_negamax\tictactoe_negamax\build\tictactoe.dir\debug\tictactoe.tlog\custombuild.command.1.tlog
c:\users\sline\documents\ucsc\cmpm 123\assignment3\tictactoe_negamax\tictactoe_negamax\build\tictactoe.dir\debug\tictactoe.tlog\custombuild.read.1.tlog
c:\users\sline\documents\ucsc\cmpm 123\assignment3\tictactoe_negamax\tictactoe_negamax\build\tictactoe.dir\debug\tictactoe.tlog\custombuild.write.1.tlog
c:\users\sline\documents\ucsc\cmpm 123\assignment3\tictactoe_negamax\tictactoe_negamax\build\tictactoe.dir\debug\tictactoe.tlog\link.command.1.tlog
c:\users\sline\documents\ucsc\cmpm 123\assignment3\tictactoe_negamax\tictactoe_negamax\build\tictactoe.dir\debug\tictactoe.tlog\link.read.1.tlog
c:\users\sline\documents\ucsc\cmpm 123\assignment3\tictactoe_negamax\tictactoe_negamax\build\tictactoe.dir\debug\tictactoe.tlog\link.write.1.tlog
