c:\users\sline\documents\ucsc\cmpm 123\assignment7\chess_checkmate_withai\build\chess.dir\release\imgui_impl_win32.obj
c:\users\sline\documents\ucsc\cmpm 123\assignment7\chess_checkmate_withai\build\chess.dir\release\main_win32.obj
c:\users\sline\documents\ucsc\cmpm 123\assignment7\chess_checkmate_withai\build\chess.dir\release\chess.obj
c:\users\sline\documents\ucsc\cmpm 123\assignment7\chess_checkmate_withai\build\chess.dir\release\chesssquare.obj
c:\users\sline\documents\ucsc\cmpm 123\assignment7\chess_checkmate_withai\build\chess.dir\release\sprite.obj
c:\users\sline\documents\ucsc\cmpm 123\assignment7\chess_checkmate_withai\build\chess.dir\release\game.obj
c:\users\sline\documents\ucsc\cmpm 123\assignment7\chess_checkmate_withai\build\chess.dir\release\bitholder.obj
c:\users\sline\documents\ucsc\cmpm 123\assignment7\chess_checkmate_withai\build\chess.dir\release\bit.obj
c:\users\sline\documents\ucsc\cmpm 123\assignment7\chess_checkmate_withai\build\chess.dir\release\imgui_impl_opengl3.obj
c:\users\sline\documents\ucsc\cmpm 123\assignment7\chess_checkmate_withai\build\chess.dir\release\imgui.obj
c:\users\sline\documents\ucsc\cmpm 123\assignment7\chess_checkmate_withai\build\chess.dir\release\imgui_widgets.obj
c:\users\sline\documents\ucsc\cmpm 123\assignment7\chess_checkmate_withai\build\chess.dir\release\imgui_tables.obj
c:\users\sline\documents\ucsc\cmpm 123\assignment7\chess_checkmate_withai\build\chess.dir\release\imgui_draw.obj
c:\users\sline\documents\ucsc\cmpm 123\assignment7\chess_checkmate_withai\build\chess.dir\release\imgui_demo.obj
c:\users\sline\documents\ucsc\cmpm 123\assignment7\chess_checkmate_withai\build\chess.dir\release\application.obj
c:\users\sline\documents\ucsc\cmpm 123\assignment7\chess_checkmate_withai\build\cmakefiles\generate.stamp
c:\users\sline\documents\ucsc\cmpm 123\assignment7\chess_checkmate_withai\build\release\chess.exe
c:\users\sline\documents\ucsc\cmpm 123\assignment7\chess_checkmate_withai\build\chess.dir\release\chess.tlog\cl.command.1.tlog
c:\users\sline\documents\ucsc\cmpm 123\assignment7\chess_checkmate_withai\build\chess.dir\release\chess.tlog\cl.items.tlog
c:\users\sline\documents\ucsc\cmpm 123\assignment7\chess_checkmate_withai\build\chess.dir\release\chess.tlog\cl.read.1.tlog
c:\users\sline\documents\ucsc\cmpm 123\assignment7\chess_checkmate_withai\build\chess.dir\release\chess.tlog\cl.write.1.tlog
c:\users\sline\documents\ucsc\cmpm 123\assignment7\chess_checkmate_withai\build\chess.dir\release\chess.tlog\custombuild.command.1.tlog
c:\users\sline\documents\ucsc\cmpm 123\assignment7\chess_checkmate_withai\build\chess.dir\release\chess.tlog\custombuild.read.1.tlog
c:\users\sline\documents\ucsc\cmpm 123\assignment7\chess_checkmate_withai\build\chess.dir\release\chess.tlog\custombuild.write.1.tlog
c:\users\sline\documents\ucsc\cmpm 123\assignment7\chess_checkmate_withai\build\chess.dir\release\chess.tlog\link.command.1.tlog
c:\users\sline\documents\ucsc\cmpm 123\assignment7\chess_checkmate_withai\build\chess.dir\release\chess.tlog\link.read.1.tlog
c:\users\sline\documents\ucsc\cmpm 123\assignment7\chess_checkmate_withai\build\chess.dir\release\chess.tlog\link.write.1.tlog
