c:\users\sline\documents\ucsc\cmpm 123\assignment6\chess_withai\build\chess.dir\debug\vc143.pdb
c:\users\sline\documents\ucsc\cmpm 123\assignment6\chess_withai\build\chess.dir\debug\imgui_impl_win32.obj
c:\users\sline\documents\ucsc\cmpm 123\assignment6\chess_withai\build\chess.dir\debug\main_win32.obj
c:\users\sline\documents\ucsc\cmpm 123\assignment6\chess_withai\build\chess.dir\debug\chess.obj
c:\users\sline\documents\ucsc\cmpm 123\assignment6\chess_withai\build\chess.dir\debug\chesssquare.obj
c:\users\sline\documents\ucsc\cmpm 123\assignment6\chess_withai\build\chess.dir\debug\sprite.obj
c:\users\sline\documents\ucsc\cmpm 123\assignment6\chess_withai\build\chess.dir\debug\game.obj
c:\users\sline\documents\ucsc\cmpm 123\assignment6\chess_withai\build\chess.dir\debug\bitholder.obj
c:\users\sline\documents\ucsc\cmpm 123\assignment6\chess_withai\build\chess.dir\debug\bit.obj
c:\users\sline\documents\ucsc\cmpm 123\assignment6\chess_withai\build\chess.dir\debug\imgui_impl_opengl3.obj
c:\users\sline\documents\ucsc\cmpm 123\assignment6\chess_withai\build\chess.dir\debug\imgui.obj
c:\users\sline\documents\ucsc\cmpm 123\assignment6\chess_withai\build\chess.dir\debug\imgui_widgets.obj
c:\users\sline\documents\ucsc\cmpm 123\assignment6\chess_withai\build\chess.dir\debug\imgui_tables.obj
c:\users\sline\documents\ucsc\cmpm 123\assignment6\chess_withai\build\chess.dir\debug\imgui_draw.obj
c:\users\sline\documents\ucsc\cmpm 123\assignment6\chess_withai\build\chess.dir\debug\imgui_demo.obj
c:\users\sline\documents\ucsc\cmpm 123\assignment6\chess_withai\build\chess.dir\debug\application.obj
c:\users\sline\documents\ucsc\cmpm 123\assignment6\chess_withai\build\cmakefiles\generate.stamp
c:\users\sline\documents\ucsc\cmpm 123\assignment6\chess_withai\build\debug\chess.exe
c:\users\sline\documents\ucsc\cmpm 123\assignment6\chess_withai\build\chess.dir\debug\chess.ilk
c:\users\sline\documents\ucsc\cmpm 123\assignment6\chess_withai\build\debug\chess.pdb
c:\users\sline\documents\ucsc\cmpm 123\assignment6\chess_withai\build\chess.dir\debug\chess.tlog\cl.command.1.tlog
c:\users\sline\documents\ucsc\cmpm 123\assignment6\chess_withai\build\chess.dir\debug\chess.tlog\cl.items.tlog
c:\users\sline\documents\ucsc\cmpm 123\assignment6\chess_withai\build\chess.dir\debug\chess.tlog\cl.read.1.tlog
c:\users\sline\documents\ucsc\cmpm 123\assignment6\chess_withai\build\chess.dir\debug\chess.tlog\cl.write.1.tlog
c:\users\sline\documents\ucsc\cmpm 123\assignment6\chess_withai\build\chess.dir\debug\chess.tlog\custombuild.command.1.tlog
c:\users\sline\documents\ucsc\cmpm 123\assignment6\chess_withai\build\chess.dir\debug\chess.tlog\custombuild.read.1.tlog
c:\users\sline\documents\ucsc\cmpm 123\assignment6\chess_withai\build\chess.dir\debug\chess.tlog\custombuild.write.1.tlog
c:\users\sline\documents\ucsc\cmpm 123\assignment6\chess_withai\build\chess.dir\debug\chess.tlog\link.command.1.tlog
c:\users\sline\documents\ucsc\cmpm 123\assignment6\chess_withai\build\chess.dir\debug\chess.tlog\link.read.1.tlog
c:\users\sline\documents\ucsc\cmpm 123\assignment6\chess_withai\build\chess.dir\debug\chess.tlog\link.write.1.tlog
